c:\users\alfie\onedrive\uni assignments\year 2\advancedprogramming\assessment 2\task\task\x64\debug\vc143.pdb
c:\users\alfie\onedrive\uni assignments\year 2\advancedprogramming\assessment 2\task\task\x64\debug\vc143.idb
c:\users\alfie\onedrive\uni assignments\year 2\advancedprogramming\assessment 2\task\task\x64\debug\square.obj
c:\users\alfie\onedrive\uni assignments\year 2\advancedprogramming\assessment 2\task\task\x64\debug\rectangle.obj
c:\users\alfie\onedrive\uni assignments\year 2\advancedprogramming\assessment 2\task\task\x64\debug\point.obj
c:\users\alfie\onedrive\uni assignments\year 2\advancedprogramming\assessment 2\task\task\x64\debug\movable.obj
c:\users\alfie\onedrive\uni assignments\year 2\advancedprogramming\assessment 2\task\task\x64\debug\drive.obj
c:\users\alfie\onedrive\uni assignments\year 2\advancedprogramming\assessment 2\task\task\x64\debug\circle.obj
c:\users\alfie\onedrive\uni assignments\year 2\advancedprogramming\assessment 2\task\task\x64\debug\shape.obj
c:\users\alfie\onedrive\uni assignments\year 2\advancedprogramming\assessment 2\task\x64\debug\task.exe
c:\users\alfie\onedrive\uni assignments\year 2\advancedprogramming\assessment 2\task\task\x64\debug\task.ilk
c:\users\alfie\onedrive\uni assignments\year 2\advancedprogramming\assessment 2\task\x64\debug\task.pdb
c:\users\user\onedrive\uni assignments\year 2\advancedprogramming\assessment 2\task\x64\debug\circle.obj
c:\users\user\onedrive\uni assignments\year 2\advancedprogramming\assessment 2\task\x64\debug\drive.obj
c:\users\user\onedrive\uni assignments\year 2\advancedprogramming\assessment 2\task\x64\debug\movable.obj
c:\users\user\onedrive\uni assignments\year 2\advancedprogramming\assessment 2\task\x64\debug\point.obj
c:\users\user\onedrive\uni assignments\year 2\advancedprogramming\assessment 2\task\x64\debug\rectangle.obj
c:\users\user\onedrive\uni assignments\year 2\advancedprogramming\assessment 2\task\x64\debug\shape.obj
c:\users\user\onedrive\uni assignments\year 2\advancedprogramming\assessment 2\task\x64\debug\square.obj
c:\users\user\onedrive\uni assignments\year 2\advancedprogramming\assessment 2\task\x64\debug\task.ilk
c:\users\user\onedrive\uni assignments\year 2\advancedprogramming\assessment 2\task\x64\debug\vc143.idb
c:\users\user\onedrive\uni assignments\year 2\advancedprogramming\assessment 2\task\x64\debug\vc143.pdb
c:\users\user\onedrive\uni assignments\year 2\advancedprogramming\assessment 2\x64\debug\task.pdb
c:\users\user\onedrive\uni assignments\year 2\advancedprogramming\assessment 2\x64\debug\task.exe
c:\users\user\onedrive\uni assignments\year 2\advancedprogramming\assessment 2\task\x64\debug\task.tlog\cl.command.1.tlog
c:\users\user\onedrive\uni assignments\year 2\advancedprogramming\assessment 2\task\x64\debug\task.tlog\cl.read.1.tlog
c:\users\user\onedrive\uni assignments\year 2\advancedprogramming\assessment 2\task\x64\debug\task.tlog\cl.write.1.tlog
c:\users\user\onedrive\uni assignments\year 2\advancedprogramming\assessment 2\task\x64\debug\task.tlog\link.command.1.tlog
c:\users\user\onedrive\uni assignments\year 2\advancedprogramming\assessment 2\task\x64\debug\task.tlog\link.read.1.tlog
c:\users\user\onedrive\uni assignments\year 2\advancedprogramming\assessment 2\task\x64\debug\task.tlog\link.write.1.tlog
